[2023-12-11T00:08:32.728] [INFO] access - path:/user/test | method:POST | ua:PostmanRuntime/7.35.0|
[2023-12-11T00:12:49.020] [INFO] access - path:/user/test | method:POST | ua:PostmanRuntime/7.35.0|
[2023-12-11T00:16:46.695] [INFO] access - path:/user/test | method:POST | ua:PostmanRuntime/7.35.0|
[2023-12-11T00:19:41.435] [INFO] access - path:/user/test | method:POST | ua:PostmanRuntime/7.35.0|
[2023-12-11T00:20:09.363] [INFO] access - path:/user/test | method:POST | ua:PostmanRuntime/7.35.0|
[2023-12-11T00:20:48.235] [INFO] access - path:/user/test | method:POST | ua:PostmanRuntime/7.35.0|
[2023-12-11T00:23:27.998] [INFO] access - path:/user/test | method:POST | ua:PostmanRuntime/7.35.0|
[2023-12-11T00:24:34.708] [INFO] access - path:/user/test | method:POST | ua:PostmanRuntime/7.35.0|
[2023-12-11T00:25:45.929] [INFO] access - path:/user/test | method:POST | ua:PostmanRuntime/7.35.0|
[2023-12-11T00:26:14.929] [INFO] access - path:/user/test | method:POST | ua:PostmanRuntime/7.35.0|
[2023-12-11T02:53:15.198] [INFO] access - path:/user/test | method:POST | ua:PostmanRuntime/7.35.0|
[2023-12-11T03:02:28.003] [INFO] access - path:/user/test | method:POST | ua:PostmanRuntime/7.35.0|
[2023-12-11T03:05:36.781] [INFO] access - path:/ | method:GET | ua:Mozilla/5.0 (Windows NT 10.0; Win64; x64) AppleWebKit/537.36 (KHTML, like Gecko) Chrome/119.0.0.0 Safari/537.36|
[2023-12-11T03:05:37.126] [INFO] access - path:/favicon.ico | method:GET | ua:Mozilla/5.0 (Windows NT 10.0; Win64; x64) AppleWebKit/537.36 (KHTML, like Gecko) Chrome/119.0.0.0 Safari/537.36|
[2023-12-11T03:07:32.498] [INFO] access - path:/ | method:GET | ua:PostmanRuntime/7.35.0|
[2023-12-11T03:09:22.264] [INFO] access - path:/ | method:GET | ua:PostmanRuntime/7.35.0|
[2023-12-11T03:09:45.308] [INFO] access - path:/ | method:GET | ua:PostmanRuntime/7.35.0|
[2023-12-11T03:10:28.595] [INFO] access - path:/ | method:GET | ua:PostmanRuntime/7.35.0|
[2023-12-11T03:10:39.957] [INFO] access - path:/user/test | method:POST | ua:PostmanRuntime/7.35.0|
[2023-12-11T03:11:06.014] [INFO] access - path:/user/test | method:POST | ua:PostmanRuntime/7.35.0|
[2023-12-11T03:12:05.368] [INFO] access - path:/user/test | method:POST | ua:PostmanRuntime/7.35.0|
[2023-12-11T21:05:04.794] [INFO] access - path:/user/test | method:POST | ua:PostmanRuntime/7.35.0|
[2023-12-11T21:05:08.815] [INFO] access - path:/user/test | method:POST | ua:PostmanRuntime/7.35.0|
[2023-12-11T21:06:18.857] [INFO] access - path:/user/test | method:POST | ua:PostmanRuntime/7.35.0|
[2023-12-11T21:06:26.189] [INFO] access - path:/user/test | method:POST | ua:PostmanRuntime/7.35.0|
[2023-12-11T21:06:30.556] [INFO] access - path:/user/test | method:POST | ua:PostmanRuntime/7.35.0|
[2023-12-11T21:07:06.258] [INFO] access - path:/user/test | method:POST | ua:PostmanRuntime/7.35.0|
[2023-12-11T21:08:35.110] [INFO] access - path:/user/test | method:POST | ua:PostmanRuntime/7.35.0|
[2023-12-11T21:09:32.112] [INFO] access - path:/user/test | method:POST | ua:PostmanRuntime/7.35.0|
[2023-12-11T21:10:12.866] [INFO] access - path:/user/test | method:POST | ua:PostmanRuntime/7.35.0|
[2023-12-11T21:10:27.931] [INFO] access - path:/user/test | method:POST | ua:PostmanRuntime/7.35.0|
[2023-12-11T21:12:05.888] [INFO] access - path:/user/test | method:POST | ua:PostmanRuntime/7.35.0|
[2023-12-11T21:12:07.494] [INFO] access - path:/user/test | method:POST | ua:PostmanRuntime/7.35.0|
[2023-12-11T21:12:08.362] [INFO] access - path:/user/test | method:POST | ua:PostmanRuntime/7.35.0|
[2023-12-11T21:12:38.524] [INFO] access - path:/user/test | method:POST | ua:PostmanRuntime/7.35.0|
[2023-12-11T21:14:04.489] [INFO] access - path:/user/test | method:POST | ua:PostmanRuntime/7.35.0|
[2023-12-11T21:14:46.051] [INFO] access - path:/user/test | method:POST | ua:PostmanRuntime/7.35.0|
[2023-12-11T21:15:35.019] [INFO] access - path:/user/test | method:POST | ua:PostmanRuntime/7.35.0|
[2023-12-11T21:23:57.303] [INFO] access - path:/user/test | method:POST | ua:PostmanRuntime/7.35.0|
[2023-12-11T21:23:58.303] [INFO] access - path:/user/test | method:POST | ua:PostmanRuntime/7.35.0|
[2023-12-11T21:24:10.733] [INFO] access - path:/user/test | method:POST | ua:PostmanRuntime/7.35.0|
[2023-12-11T21:25:47.331] [INFO] access - path:/user/test | method:POST | ua:PostmanRuntime/7.35.0|
[2023-12-11T21:29:57.574] [INFO] access - path:/user/test | method:POST | ua:PostmanRuntime/7.35.0|
[2023-12-11T21:30:18.149] [INFO] access - path:/user/login | method:POST | ua:PostmanRuntime/7.35.0|
[2023-12-11T21:30:32.045] [INFO] access - path:/user/test | method:POST | ua:PostmanRuntime/7.35.0|
[2023-12-11T21:31:07.605] [INFO] access - path:/user/test | method:POST | ua:PostmanRuntime/7.35.0|
[2023-12-11T21:31:32.117] [INFO] access - path:/ | method:GET | ua:PostmanRuntime/7.35.0|
[2023-12-11T21:32:14.848] [INFO] access - path:/user/test | method:POST | ua:PostmanRuntime/7.35.0|
[2023-12-11T21:33:34.426] [INFO] access - path:/user/test | method:POST | ua:PostmanRuntime/7.35.0|
[2023-12-11T21:34:58.370] [INFO] access - path:/user/test | method:POST | ua:PostmanRuntime/7.35.0|
[2023-12-11T21:36:23.743] [INFO] access - path:/user/test | method:POST | ua:PostmanRuntime/7.35.0|
[2023-12-11T21:37:58.415] [INFO] access - path:/user/login | method:POST | ua:PostmanRuntime/7.35.0|
[2023-12-11T21:38:02.957] [INFO] access - path:/user/test | method:POST | ua:PostmanRuntime/7.35.0|
[2023-12-11T21:40:34.022] [INFO] access - path:/user/test | method:POST | ua:PostmanRuntime/7.35.0|
[2023-12-11T21:50:06.259] [INFO] access - path:/user/test | method:POST | ua:PostmanRuntime/7.35.0|
[2023-12-11T21:50:52.934] [INFO] access - path:/user/test | method:POST | ua:PostmanRuntime/7.35.0|
[2023-12-11T21:50:57.001] [INFO] access - path:/user/test | method:POST | ua:PostmanRuntime/7.35.0|
[2023-12-11T21:51:18.985] [INFO] access - path:/user/test | method:POST | ua:PostmanRuntime/7.35.0|
[2023-12-11T21:51:19.818] [INFO] access - path:/user/test | method:POST | ua:PostmanRuntime/7.35.0|
[2023-12-11T22:01:11.318] [INFO] access - path:/user/test | method:POST | ua:PostmanRuntime/7.35.0|
[2023-12-11T22:01:13.439] [INFO] access - path:/user/test | method:POST | ua:PostmanRuntime/7.35.0|
[2023-12-11T22:12:21.542] [INFO] access - path:/user/test | method:POST | ua:PostmanRuntime/7.35.0|
[2023-12-11T22:12:32.331] [INFO] access - path:/user/test | method:POST | ua:PostmanRuntime/7.35.0|
[2023-12-11T22:12:36.737] [INFO] access - path:/user/test | method:POST | ua:PostmanRuntime/7.35.0|
[2023-12-11T22:16:56.480] [INFO] access - path:/user/test | method:POST | ua:PostmanRuntime/7.35.0|
